This is pdfTeX, Version 3.1415926-2.4-1.40.13 (TeX Live 2012) (format=pdflatex 2012.6.30)  1 JUL 2014 13:30
entering extended mode
 restricted \write18 enabled.
 file:line:error style messages enabled.
 %&-line parsing enabled.
**documentation.tex
(./documentation.tex
LaTeX2e <2011/06/27>
Babel <v3.8m> and hyphenation patterns for english, dumylang, nohyphenation, ge
rman-x-2012-05-30, ngerman-x-2012-05-30, afrikaans, ancientgreek, ibycus, arabi
c, armenian, basque, bulgarian, catalan, pinyin, coptic, croatian, czech, danis
h, dutch, ukenglish, usenglishmax, esperanto, estonian, ethiopic, farsi, finnis
h, french, friulan, galician, german, ngerman, swissgerman, monogreek, greek, h
ungarian, icelandic, assamese, bengali, gujarati, hindi, kannada, malayalam, ma
rathi, oriya, panjabi, tamil, telugu, indonesian, interlingua, irish, italian, 
kurmanji, latin, latvian, lithuanian, mongolian, mongolianlmc, bokmal, nynorsk,
 polish, portuguese, romanian, romansh, russian, sanskrit, serbian, serbianc, s
lovak, slovenian, spanish, swedish, turkish, turkmen, ukrainian, uppersorbian, 
welsh, loaded.
(/usr/local/texlive/2012/texmf-dist/tex/latex/base/article.cls
Document Class: article 2007/10/19 v1.4h Standard LaTeX document class
(/usr/local/texlive/2012/texmf-dist/tex/latex/base/size11.clo
File: size11.clo 2007/10/19 v1.4h Standard LaTeX file (size option)
)
\c@part=\count79
\c@section=\count80
\c@subsection=\count81
\c@subsubsection=\count82
\c@paragraph=\count83
\c@subparagraph=\count84
\c@figure=\count85
\c@table=\count86
\abovecaptionskip=\skip41
\belowcaptionskip=\skip42
\bibindent=\dimen102
)
(/usr/local/texlive/2012/texmf-dist/tex/latex/hyperref/hyperref.sty
Package: hyperref 2012/05/13 v6.82q Hypertext links for LaTeX

(/usr/local/texlive/2012/texmf-dist/tex/generic/oberdiek/hobsub-hyperref.sty
Package: hobsub-hyperref 2012/05/28 v1.13 Bundle oberdiek, subset hyperref (HO)


(/usr/local/texlive/2012/texmf-dist/tex/generic/oberdiek/hobsub-generic.sty
Package: hobsub-generic 2012/05/28 v1.13 Bundle oberdiek, subset generic (HO)
Package: hobsub 2012/05/28 v1.13 Construct package bundles (HO)
Package: infwarerr 2010/04/08 v1.3 Providing info/warning/error messages (HO)
Package: ltxcmds 2011/11/09 v1.22 LaTeX kernel commands for general use (HO)
Package: ifluatex 2010/03/01 v1.3 Provides the ifluatex switch (HO)
Package ifluatex Info: LuaTeX not detected.
Package: ifvtex 2010/03/01 v1.5 Detect VTeX and its facilities (HO)
Package ifvtex Info: VTeX not detected.
Package: intcalc 2007/09/27 v1.1 Expandable calculations with integers (HO)
Package: ifpdf 2011/01/30 v2.3 Provides the ifpdf switch (HO)
Package ifpdf Info: pdfTeX in PDF mode is detected.
Package: etexcmds 2011/02/16 v1.5 Avoid name clashes with e-TeX commands (HO)
Package etexcmds Info: Could not find \expanded.
(etexcmds)             That can mean that you are not using pdfTeX 1.50 or
(etexcmds)             that some package has redefined \expanded.
(etexcmds)             In the latter case, load this package earlier.
Package: kvsetkeys 2012/04/25 v1.16 Key value parser (HO)
Package: kvdefinekeys 2011/04/07 v1.3 Define keys (HO)
Package: pdftexcmds 2011/11/29 v0.20 Utility functions of pdfTeX for LuaTeX (HO
)
Package pdftexcmds Info: LuaTeX not detected.
Package pdftexcmds Info: \pdf@primitive is available.
Package pdftexcmds Info: \pdf@ifprimitive is available.
Package pdftexcmds Info: \pdfdraftmode found.
Package: pdfescape 2011/11/25 v1.13 Implements pdfTeX's escape features (HO)
Package: bigintcalc 2012/04/08 v1.3 Expandable calculations on big integers (HO
)
Package: bitset 2011/01/30 v1.1 Handle bit-vector datatype (HO)
Package: uniquecounter 2011/01/30 v1.2 Provide unlimited unique counter (HO)
)
Package hobsub Info: Skipping package `hobsub' (already loaded).
Package: letltxmacro 2010/09/02 v1.4 Let assignment for LaTeX macros (HO)
Package: hopatch 2012/05/28 v1.2 Wrapper for package hooks (HO)
Package: xcolor-patch 2011/01/30 xcolor patch
Package: atveryend 2011/06/30 v1.8 Hooks at the very end of document (HO)
Package atveryend Info: \enddocument detected (standard20110627).
Package: atbegshi 2011/10/05 v1.16 At begin shipout hook (HO)
Package: refcount 2011/10/16 v3.4 Data extraction from label references (HO)
Package: hycolor 2011/01/30 v1.7 Color options for hyperref/bookmark (HO)
)
(/usr/local/texlive/2012/texmf-dist/tex/latex/graphics/keyval.sty
Package: keyval 1999/03/16 v1.13 key=value parser (DPC)
\KV@toks@=\toks14
)
(/usr/local/texlive/2012/texmf-dist/tex/generic/ifxetex/ifxetex.sty
Package: ifxetex 2010/09/12 v0.6 Provides ifxetex conditional
)
(/usr/local/texlive/2012/texmf-dist/tex/latex/oberdiek/kvoptions.sty
Package: kvoptions 2011/06/30 v3.11 Key value format for package options (HO)
)
\@linkdim=\dimen103
\Hy@linkcounter=\count87
\Hy@pagecounter=\count88

(/usr/local/texlive/2012/texmf-dist/tex/latex/hyperref/pd1enc.def
File: pd1enc.def 2012/05/13 v6.82q Hyperref: PDFDocEncoding definition (HO)
)
\Hy@SavedSpaceFactor=\count89

(/usr/local/texlive/2012/texmf-dist/tex/latex/latexconfig/hyperref.cfg
File: hyperref.cfg 2002/06/06 v1.2 hyperref configuration of TeXLive
)
Package hyperref Info: Hyper figures OFF on input line 4062.
Package hyperref Info: Link nesting OFF on input line 4067.
Package hyperref Info: Hyper index ON on input line 4070.
Package hyperref Info: Plain pages OFF on input line 4077.
Package hyperref Info: Backreferencing OFF on input line 4082.
Package hyperref Info: Implicit mode ON; LaTeX internals redefined.
Package hyperref Info: Bookmarks ON on input line 4300.
\c@Hy@tempcnt=\count90

(/usr/local/texlive/2012/texmf-dist/tex/latex/url/url.sty
\Urlmuskip=\muskip10
Package: url 2006/04/12  ver 3.3  Verb mode for urls, etc.
)
LaTeX Info: Redefining \url on input line 4653.
\Fld@menulength=\count91
\Field@Width=\dimen104
\Fld@charsize=\dimen105
Package hyperref Info: Hyper figures OFF on input line 5773.
Package hyperref Info: Link nesting OFF on input line 5778.
Package hyperref Info: Hyper index ON on input line 5781.
Package hyperref Info: backreferencing OFF on input line 5788.
Package hyperref Info: Link coloring OFF on input line 5793.
Package hyperref Info: Link coloring with OCG OFF on input line 5798.
Package hyperref Info: PDF/A mode OFF on input line 5803.
LaTeX Info: Redefining \ref on input line 5843.
LaTeX Info: Redefining \pageref on input line 5847.
\Hy@abspage=\count92
\c@Item=\count93
\c@Hfootnote=\count94
)

Package hyperref Message: Driver (autodetected): hpdftex.

(/usr/local/texlive/2012/texmf-dist/tex/latex/hyperref/hpdftex.def
File: hpdftex.def 2012/05/13 v6.82q Hyperref driver for pdfTeX
\Fld@listcount=\count95
\c@bookmark@seq@number=\count96

(/usr/local/texlive/2012/texmf-dist/tex/latex/oberdiek/rerunfilecheck.sty
Package: rerunfilecheck 2011/04/15 v1.7 Rerun checks for auxiliary files (HO)
Package uniquecounter Info: New unique counter `rerunfilecheck' on input line 2
82.
)
\Hy@SectionHShift=\skip43
)
(/usr/local/texlive/2012/texmf-dist/tex/latex/tools/xspace.sty
Package: xspace 2009/10/20 v1.13 Space after command names (DPC,MH)
)
(/usr/local/texlive/2012/texmf-dist/tex/latex/setspace/setspace.sty
Package: setspace 2011/12/19 v6.7a set line spacing
)
(/usr/local/texlive/2012/texmf-dist/tex/latex/paralist/paralist.sty
Package: paralist 2002/03/18 v2.3b Extended list environments (BS)
\pltopsep=\skip44
\plpartopsep=\skip45
\plitemsep=\skip46
\plparsep=\skip47
\pl@lab=\toks15
)
(/usr/local/texlive/2012/texmf-dist/tex/latex/amsmath/amsmath.sty
Package: amsmath 2000/07/18 v2.13 AMS math features
\@mathmargin=\skip48

For additional information on amsmath, use the `?' option.
(/usr/local/texlive/2012/texmf-dist/tex/latex/amsmath/amstext.sty
Package: amstext 2000/06/29 v2.01

(/usr/local/texlive/2012/texmf-dist/tex/latex/amsmath/amsgen.sty
File: amsgen.sty 1999/11/30 v2.0
\@emptytoks=\toks16
\ex@=\dimen106
))
(/usr/local/texlive/2012/texmf-dist/tex/latex/amsmath/amsbsy.sty
Package: amsbsy 1999/11/29 v1.2d
\pmbraise@=\dimen107
)
(/usr/local/texlive/2012/texmf-dist/tex/latex/amsmath/amsopn.sty
Package: amsopn 1999/12/14 v2.01 operator names
)
\inf@bad=\count97
LaTeX Info: Redefining \frac on input line 211.
\uproot@=\count98
\leftroot@=\count99
LaTeX Info: Redefining \overline on input line 307.
\classnum@=\count100
\DOTSCASE@=\count101
LaTeX Info: Redefining \ldots on input line 379.
LaTeX Info: Redefining \dots on input line 382.
LaTeX Info: Redefining \cdots on input line 467.
\Mathstrutbox@=\box26
\strutbox@=\box27
\big@size=\dimen108
LaTeX Font Info:    Redeclaring font encoding OML on input line 567.
LaTeX Font Info:    Redeclaring font encoding OMS on input line 568.
\macc@depth=\count102
\c@MaxMatrixCols=\count103
\dotsspace@=\muskip11
\c@parentequation=\count104
\dspbrk@lvl=\count105
\tag@help=\toks17
\row@=\count106
\column@=\count107
\maxfields@=\count108
\andhelp@=\toks18
\eqnshift@=\dimen109
\alignsep@=\dimen110
\tagshift@=\dimen111
\tagwidth@=\dimen112
\totwidth@=\dimen113
\lineht@=\dimen114
\@envbody=\toks19
\multlinegap=\skip49
\multlinetaggap=\skip50
\mathdisplay@stack=\toks20
LaTeX Info: Redefining \[ on input line 2666.
LaTeX Info: Redefining \] on input line 2667.
)
(./documentation.aux)
\openout1 = `documentation.aux'.

LaTeX Font Info:    Checking defaults for OML/cmm/m/it on input line 15.
LaTeX Font Info:    ... okay on input line 15.
LaTeX Font Info:    Checking defaults for T1/cmr/m/n on input line 15.
LaTeX Font Info:    ... okay on input line 15.
LaTeX Font Info:    Checking defaults for OT1/cmr/m/n on input line 15.
LaTeX Font Info:    ... okay on input line 15.
LaTeX Font Info:    Checking defaults for OMS/cmsy/m/n on input line 15.
LaTeX Font Info:    ... okay on input line 15.
LaTeX Font Info:    Checking defaults for OMX/cmex/m/n on input line 15.
LaTeX Font Info:    ... okay on input line 15.
LaTeX Font Info:    Checking defaults for U/cmr/m/n on input line 15.
LaTeX Font Info:    ... okay on input line 15.
LaTeX Font Info:    Checking defaults for PD1/pdf/m/n on input line 15.
LaTeX Font Info:    ... okay on input line 15.
\AtBeginShipoutBox=\box28
Package hyperref Info: Link coloring OFF on input line 15.

(/usr/local/texlive/2012/texmf-dist/tex/latex/hyperref/nameref.sty
Package: nameref 2010/04/30 v2.40 Cross-referencing by name of section

(/usr/local/texlive/2012/texmf-dist/tex/generic/oberdiek/gettitlestring.sty
Package: gettitlestring 2010/12/03 v1.4 Cleanup title references (HO)
)
\c@section@level=\count109
)
LaTeX Info: Redefining \ref on input line 15.
LaTeX Info: Redefining \pageref on input line 15.
LaTeX Info: Redefining \nameref on input line 15.

(./documentation.out) (./documentation.out)
\@outlinefile=\write3
\openout3 = `documentation.out'.

 [1

{/usr/local/texlive/2012/texmf-var/fonts/map/pdftex/updmap/pdftex.map}] (./docu
mentation.toc)
\tf@toc=\write4
\openout4 = `documentation.toc'.

 [2

]
LaTeX Font Info:    Font shape `OT1/cmtt/bx/n' in size <10.95> not available
(Font)              Font shape `OT1/cmtt/m/n' tried instead on input line 71.

Underfull \hbox (badness 10000) in paragraph at lines 71--73

 []


Underfull \hbox (badness 10000) in paragraph at lines 73--75

 []


Underfull \hbox (badness 10000) in paragraph at lines 75--77

 []


Underfull \hbox (badness 10000) in paragraph at lines 77--79

 []


Underfull \hbox (badness 10000) in paragraph at lines 79--81

 []


Underfull \hbox (badness 10000) in paragraph at lines 81--83

 []


Underfull \hbox (badness 10000) in paragraph at lines 83--84

 []

[3

]
LaTeX Font Info:    Try loading font information for OMS+cmr on input line 100.

 (/usr/local/texlive/2012/texmf-dist/tex/latex/base/omscmr.fd
File: omscmr.fd 1999/05/25 v2.5h Standard LaTeX font definitions
)
LaTeX Font Info:    Font shape `OMS/cmr/m/n' in size <10.95> not available
(Font)              Font shape `OMS/cmsy/m/n' tried instead on input line 100.

Underfull \hbox (badness 10000) in paragraph at lines 102--105

 []


Underfull \hbox (badness 10000) in paragraph at lines 112--115

 []

[4]
Underfull \hbox (badness 10000) in paragraph at lines 123--126

 []


Overfull \hbox (5.92188pt too wide) in paragraph at lines 133--136
\OT1/cmr/m/n/10.95 i.e. \OT1/cmtt/m/n/10.95 cmake -DCMAKE[]LIBRARY[]PATH="/more
/libraries;/even/more/libraries" ..
 []


Underfull \hbox (badness 10000) in paragraph at lines 133--136

 []


Underfull \hbox (badness 10000) in paragraph at lines 140--143

 []


Overfull \hbox (16.984pt too wide) in paragraph at lines 145--146
[]\OT1/cmr/m/n/10.95 It is gen-er-ally likely that the CMAKE[]LIBRARY[]PATH and
 CMAKE[]INCLUDE[]PATH
 []


Underfull \hbox (badness 10000) in paragraph at lines 150--153

 []


Overfull \hbox (4.0746pt too wide) in paragraph at lines 163--164
\OT1/cmr/m/n/10.95 con-cep-tual dif-fer-ence be-tween these two di-rec-to-ries 
is that \OT1/cmtt/m/n/10.95 hermes/src \OT1/cmr/m/n/10.95 code (\OT1/cmtt/m/n/1
0.95 FFTbor2D\OT1/cmr/m/n/10.95 , \OT1/cmtt/m/n/10.95 RNAmfpt\OT1/cmr/m/n/10.95
 ,
 []


Overfull \hbox (7.65479pt too wide) in paragraph at lines 163--164
\OT1/cmr/m/n/10.95 grids, hit-ting time, and equi-lib-rium time re-spec-tively)
. Al-ter-na-tively, code re-sid-ing in \OT1/cmtt/m/n/10.95 hermes/ext
 []

[5]
Overfull \hbox (6.96118pt too wide) in paragraph at lines 178--179
\OT1/cmtt/m/n/10.95 --fftbor2d-j `.........' --fftbor2d-k `(((...)))' --mfpt-x 
--mfpt-h\OT1/cmr/m/n/10.95 , the code en-
 []

[6]
Overfull \hbox (25.45358pt too wide) in paragraph at lines 245--245
[]\OT1/cmtt/m/n/10.95 FFTbor2D -m -i GGGAAACCC -j '.........' -k '(((...)))' -e
 ./misc/rna_turner2004.par[] 
 []


Overfull \hbox (13.9562pt too wide) in paragraph at lines 245--245
[]\OT1/cmtt/m/n/10.95 +0.00000000  +0.00000000  +0.00000000  +0.10047371  +0.00
000000  +0.00000000  ...[] 
 []


Overfull \hbox (13.9562pt too wide) in paragraph at lines 245--245
[]\OT1/cmtt/m/n/10.95 +0.00000000  +0.00000000  +0.00019384  +0.00000000  +0.00
181492  +0.00000000  ...[] 
 []


Overfull \hbox (13.9562pt too wide) in paragraph at lines 245--245
[]\OT1/cmtt/m/n/10.95 +0.00000000  +0.02666435  +0.00000000  +0.00036362  +0.00
000000  +0.16642614  ...[] 
 []

[7]
Overfull \hbox (13.9562pt too wide) in paragraph at lines 245--245
[]\OT1/cmtt/m/n/10.95 +0.70406341  +0.00000000  +0.00000000  +0.00000000  +0.00
000000  +0.00000000  ...[] 
 []


Overfull \hbox (13.9562pt too wide) in paragraph at lines 245--245
[]\OT1/cmtt/m/n/10.95 +0.00000000  +0.00000000  +0.00000000  +0.00000000  +0.00
000000  +0.00000000  ...[] 
 []


Overfull \hbox (13.9562pt too wide) in paragraph at lines 245--245
[]\OT1/cmtt/m/n/10.95 +0.00000000  +0.00000000  +0.00000000  +0.00000000  +0.00
000000  +0.00000000  ...[] 
 []


Overfull \hbox (13.9562pt too wide) in paragraph at lines 245--245
[]\OT1/cmtt/m/n/10.95 +0.00000000  +0.00000000  +0.00000000  +0.00000000  +0.00
000000  +0.00000000  ...[] 
 []


Overfull \hbox (25.45358pt too wide) in paragraph at lines 259--259
[]\OT1/cmtt/m/n/10.95 FFTbor2D -c -i GGGAAACCC -j '.........' -k '(((...)))' -e
 ./misc/rna_turner2004.par[] 
 []

[8]
Overfull \hbox (25.45358pt too wide) in paragraph at lines 305--305
[]\OT1/cmtt/m/n/10.95 FFTbor2D -c -i GGGAAACCC -j '.........' -k '(((...)))' -e
 ./misc/rna_turner1999.par[] 
 []

[9] [10] [11] [12] [13] [14]
Overfull \hbox (0.32504pt too wide) in paragraph at lines 459--461
\OT1/cmr/m/n/10.95 flags are \OT1/cmtt/m/n/10.95 --fftbor2d-i \OT1/cmr/m/n/10.9
5 (in-put se-quence $\OML/cmm/m/it/10.95 s$\OT1/cmr/m/n/10.95 ), \OT1/cmtt/m/n/
10.95 --fftbor2d-j \OT1/cmr/m/n/10.95 (start-ing struc-ture $\OML/cmm/m/it/10.9
5 A$\OT1/cmr/m/n/10.95 ), \OT1/cmtt/m/n/10.95 --fftbor2d-k
 []


Overfull \hbox (19.7049pt too wide) in paragraph at lines 471--471
[]\OT1/cmtt/m/n/10.95 FFTmfpt --fftbor2d-i GGGAAACCC --fftbor2d-j "........." -
-fftbor2d-k "(((...)))" \[] 
 []


Overfull \hbox (8.20752pt too wide) in paragraph at lines 489--489
[]\OT1/cmtt/m/n/10.95 'GCCUCCUUAGCGCAGUAGGUAGCGCGUCAGUCUCAUAAUCUGAAGGUCCUGAGUUC
GAACCUCAGAGGGGGCACCA' \[] 
 []


Overfull \hbox (8.20752pt too wide) in paragraph at lines 489--489
[]\OT1/cmtt/m/n/10.95 '........................................................
....................' \[] 
 []

[15]
Overfull \hbox (8.20752pt too wide) in paragraph at lines 519--519
[]\OT1/cmtt/m/n/10.95 FFTeq --fftbor2d-i GGGAAACCC --fftbor2d-j "........." --f
ftbor2d-k "(((...)))" \[] 
 []


Overfull \hbox (8.20752pt too wide) in paragraph at lines 528--528
[]\OT1/cmtt/m/n/10.95 FFTeq --fftbor2d-i GGGAAACCC --fftbor2d-j "........." --f
ftbor2d-k "(((...)))" \[] 
 []


Overfull \hbox (8.20752pt too wide) in paragraph at lines 546--546
[]\OT1/cmtt/m/n/10.95 'GCCUCCUUAGCGCAGUAGGUAGCGCGUCAGUCUCAUAAUCUGAAGGUCCUGAGUUC
GAACCUCAGAGGGGGCACCA' \[] 
 []


Overfull \hbox (8.20752pt too wide) in paragraph at lines 546--546
[]\OT1/cmtt/m/n/10.95 '........................................................
....................' \[] 
 []

[16] [17] [18] (./documentation.bbl
Missing character: There is no â in font cmr10!
Missing character: There is no € in font cmr10!
Missing character: There is no “ in font cmr10!
)
Package atveryend Info: Empty hook `BeforeClearDocument' on input line 604.
 [19

]
Package atveryend Info: Empty hook `AfterLastShipout' on input line 604.
 (./documentation.aux)
Package atveryend Info: Executing hook `AtVeryEndDocument' on input line 604.
Package atveryend Info: Executing hook `AtEndAfterFileList' on input line 604.
Package rerunfilecheck Info: File `documentation.out' has not changed.
(rerunfilecheck)             Checksum: 104CFE9278BF7F9EDABF1D67D9054538;2156.
Package atveryend Info: Empty hook `AtVeryVeryEnd' on input line 604.
 ) 
Here is how much of TeX's memory you used:
 5099 strings out of 493488
 74360 string characters out of 3141326
 158354 words of memory out of 3000000
 8314 multiletter control sequences out of 15000+200000
 12092 words of font info for 45 fonts, out of 3000000 for 9000
 957 hyphenation exceptions out of 8191
 29i,6n,32p,1263b,463s stack positions out of 5000i,500n,10000p,200000b,50000s
</usr/local/texlive/2012/texmf-dist/fonts/type1/public/amsfonts/cm/cmbx10.pfb
></usr/local/texlive/2012/texmf-dist/fonts/type1/public/amsfonts/cm/cmbx12.pfb>
</usr/local/texlive/2012/texmf-dist/fonts/type1/public/amsfonts/cm/cmex10.pfb><
/usr/local/texlive/2012/texmf-dist/fonts/type1/public/amsfonts/cm/cmmi10.pfb></
usr/local/texlive/2012/texmf-dist/fonts/type1/public/amsfonts/cm/cmmi6.pfb></us
r/local/texlive/2012/texmf-dist/fonts/type1/public/amsfonts/cm/cmmi8.pfb></usr/
local/texlive/2012/texmf-dist/fonts/type1/public/amsfonts/cm/cmr10.pfb></usr/lo
cal/texlive/2012/texmf-dist/fonts/type1/public/amsfonts/cm/cmr12.pfb></usr/loca
l/texlive/2012/texmf-dist/fonts/type1/public/amsfonts/cm/cmr17.pfb></usr/local/
texlive/2012/texmf-dist/fonts/type1/public/amsfonts/cm/cmr8.pfb></usr/local/tex
live/2012/texmf-dist/fonts/type1/public/amsfonts/cm/cmr9.pfb></usr/local/texliv
e/2012/texmf-dist/fonts/type1/public/amsfonts/cm/cmsy10.pfb></usr/local/texlive
/2012/texmf-dist/fonts/type1/public/amsfonts/cm/cmsy6.pfb></usr/local/texlive/2
012/texmf-dist/fonts/type1/public/amsfonts/cm/cmsy8.pfb></usr/local/texlive/201
2/texmf-dist/fonts/type1/public/amsfonts/cm/cmti10.pfb></usr/local/texlive/2012
/texmf-dist/fonts/type1/public/amsfonts/cm/cmtt10.pfb></usr/local/texlive/2012/
texmf-dist/fonts/type1/public/amsfonts/cm/cmtt12.pfb>
Output written on documentation.pdf (19 pages, 257379 bytes).
PDF statistics:
 392 PDF objects out of 1000 (max. 8388607)
 350 compressed objects within 4 object streams
 72 named destinations out of 1000 (max. 500000)
 273 words of extra memory for PDF output out of 10000 (max. 10000000)

